Arguments: 
  /usr/local/bin/node /opt/yarn-v1.22.19/bin/yarn.js install

PATH: 
  /project/home/pitcher-host/.local/state/fnm_multishells/1276_1690885770276/bin:/usr/share/fnm:/usr/local/sbin:/usr/local/bin:/usr/sbin:/usr/bin:/sbin:/bin

Yarn version: 
  1.22.19

Node version: 
  16.17.0

Platform: 
  linux x64

Trace: 
  Error: ENOENT: no such file or directory, copyfile '/project/.cache/yarn/v6/npm-tsconfig-paths-3.14.2-6e32f1f79412decd261f92d633a9dc1cfa99f088-integrity/node_modules/tsconfig-paths/lib/__tests__/data/match-path-data.js' -> '/project/sandbox/node_modules/tsconfig-paths/lib/__tests__/data/match-path-data.js'

npm manifest: 
  {
    "name": "react",
    "version": "1.0.0",
    "description": "React example starter project",
    "keywords": [
      "react",
      "starter"
    ],
    "main": "src/index.js",
    "dependencies": {
      "loader-utils": "3.2.1",
      "react": "18.2.0",
      "react-dom": "18.2.0",
      "react-scripts": "5.0.1"
    },
    "devDependencies": {
      "@babel/runtime": "7.13.8",
      "typescript": "4.1.3"
    },
    "scripts": {
      "start": "react-scripts start",
      "build": "react-scripts build",
      "test": "react-scripts test --env=jsdom",
      "eject": "react-scripts eject"
    },
    "browserslist": [
      ">0.2%",
      "not dead",
      "not ie <= 11",
      "not op_mini all"
    ]
  }

yarn manifest: 
  No manifest

Lockfile: 
  No lockfile
